<?xml version="1.0" encoding="UTF-8"?>
<testng-results ignored="0" total="1" passed="1" failed="0" skipped="0">
  <reporter-output>
  </reporter-output>
  <suite started-at="2025-07-08T22:33:13 PDT" name="Amazon Test Suite" finished-at="2025-07-08T22:33:32 PDT" duration-ms="18885">
    <groups>
    </groups>
    <test started-at="2025-07-08T22:33:13 PDT" name="AllTests" finished-at="2025-07-08T22:33:32 PDT" duration-ms="18885">
      <class name="Amazon.hybridFramework.AddToCart">
        <test-method is-config="true" signature="setUp()[pri:0, instance:Amazon.hybridFramework.AddToCart@5bf0d49]" started-at="2025-07-08T22:33:13 PDT" name="setUp" finished-at="2025-07-08T22:33:21 PDT" duration-ms="7617" status="PASS">
          <reporter-output>
          </reporter-output>
        </test-method> <!-- setUp -->
        <test-method signature="addProductToCartAndCheckout()[pri:0, instance:Amazon.hybridFramework.AddToCart@5bf0d49]" started-at="2025-07-08T22:33:21 PDT" name="addProductToCartAndCheckout" finished-at="2025-07-08T22:33:32 PDT" duration-ms="10768" status="PASS">
          <reporter-output>
          </reporter-output>
        </test-method> <!-- addProductToCartAndCheckout -->
        <test-method is-config="true" signature="tearDown()[pri:0, instance:Amazon.hybridFramework.AddToCart@5bf0d49]" started-at="2025-07-08T22:33:32 PDT" name="tearDown" finished-at="2025-07-08T22:33:32 PDT" duration-ms="409" status="PASS">
          <reporter-output>
          </reporter-output>
        </test-method> <!-- tearDown -->
      </class> <!-- Amazon.hybridFramework.AddToCart -->
    </test> <!-- AllTests -->
  </suite> <!-- Amazon Test Suite -->
</testng-results>
